<?xml version="1.0" encoding="UTF-8"?>
<coverage generated="1765920199332" clover="3.2.0">
  <project timestamp="1765920199332" name="All files">
    <metrics statements="304" coveredstatements="206" conditionals="148" coveredconditionals="84" methods="47" coveredmethods="35" elements="499" coveredelements="325" complexity="0" loc="304" ncloc="304" packages="1" files="8" classes="8"/>
    <file name="GameState.ts" path="/Users/joe/Development/misc/tetris/my-app/src/game/GameState.ts">
      <metrics statements="161" coveredstatements="98" conditionals="101" coveredconditionals="49" methods="15" coveredmethods="12"/>
      <line num="25" count="9" type="stmt"/>
      <line num="26" count="9" type="stmt"/>
      <line num="27" count="9" type="stmt"/>
      <line num="28" count="9" type="stmt"/>
      <line num="29" count="9" type="stmt"/>
      <line num="36" count="18" type="stmt"/>
      <line num="37" count="18" type="stmt"/>
      <line num="38" count="36" type="stmt"/>
      <line num="41" count="18" type="stmt"/>
      <line num="66" count="54" type="stmt"/>
      <line num="73" count="9" type="stmt"/>
      <line num="74" count="9" type="stmt"/>
      <line num="75" count="9" type="stmt"/>
      <line num="76" count="9" type="stmt"/>
      <line num="77" count="9" type="stmt"/>
      <line num="84" count="1" type="cond" truecount="1" falsecount="1"/>
      <line num="85" count="1" type="stmt"/>
      <line num="93" count="1" type="cond" truecount="1" falsecount="1"/>
      <line num="94" count="1" type="stmt"/>
      <line num="102" count="27" type="cond" truecount="1" falsecount="1"/>
      <line num="103" count="0" type="stmt"/>
      <line num="106" count="27" type="stmt"/>
      <line num="107" count="27" type="stmt"/>
      <line num="108" count="27" type="stmt"/>
      <line num="109" count="27" type="stmt"/>
      <line num="110" count="27" type="stmt"/>
      <line num="113" count="27" type="cond" truecount="1" falsecount="1"/>
      <line num="114" count="0" type="stmt"/>
      <line num="115" count="0" type="stmt"/>
      <line num="116" count="0" type="stmt"/>
      <line num="120" count="27" type="stmt"/>
      <line num="121" count="27" type="cond" truecount="1" falsecount="1"/>
      <line num="122" count="27" type="stmt"/>
      <line num="130" count="1" type="cond" truecount="3" falsecount="1"/>
      <line num="131" count="0" type="stmt"/>
      <line num="135" count="1" type="stmt"/>
      <line num="136" count="1" type="cond" truecount="1" falsecount="1"/>
      <line num="137" count="1" type="stmt"/>
      <line num="138" count="1" type="stmt"/>
      <line num="142" count="1" type="cond" truecount="1" falsecount="1"/>
      <line num="143" count="0" type="stmt"/>
      <line num="151" count="1" type="cond" truecount="1" falsecount="1"/>
      <line num="153" count="1" type="stmt"/>
      <line num="154" count="1" type="cond" truecount="1" falsecount="1"/>
      <line num="155" count="1" type="stmt"/>
      <line num="163" count="6" type="cond" truecount="1" falsecount="1"/>
      <line num="165" count="6" type="stmt"/>
      <line num="166" count="6" type="stmt"/>
      <line num="173" count="0" type="cond" truecount="0" falsecount="2"/>
      <line num="175" count="0" type="stmt"/>
      <line num="178" count="0" type="cond" truecount="0" falsecount="4"/>
      <line num="180" count="0" type="stmt"/>
      <line num="183" count="0" type="cond" truecount="0" falsecount="2"/>
      <line num="184" count="0" type="stmt"/>
      <line num="192" count="18" type="cond" truecount="1" falsecount="1"/>
      <line num="196" count="18" type="stmt"/>
      <line num="197" count="18" type="stmt"/>
      <line num="199" count="18" type="stmt"/>
      <line num="200" count="60" type="stmt"/>
      <line num="201" count="204" type="cond" truecount="2" falsecount="0"/>
      <line num="202" count="72" type="stmt"/>
      <line num="204" count="72" type="cond" truecount="4" falsecount="0"/>
      <line num="205" count="39" type="stmt"/>
      <line num="212" count="18" type="cond" truecount="3" falsecount="1"/>
      <line num="213" count="0" type="stmt"/>
      <line num="214" count="0" type="stmt"/>
      <line num="215" count="0" type="stmt"/>
      <line num="216" count="0" type="stmt"/>
      <line num="220" count="18" type="stmt"/>
      <line num="223" count="18" type="stmt"/>
      <line num="226" count="18" type="stmt"/>
      <line num="227" count="18" type="cond" truecount="1" falsecount="1"/>
      <line num="229" count="0" type="stmt"/>
      <line num="232" count="0" type="stmt"/>
      <line num="235" count="0" type="stmt"/>
      <line num="236" count="0" type="stmt"/>
      <line num="237" count="0" type="stmt"/>
      <line num="240" count="0" type="cond" truecount="0" falsecount="2"/>
      <line num="241" count="0" type="stmt"/>
      <line num="242" count="0" type="stmt"/>
      <line num="246" count="0" type="stmt"/>
      <line num="247" count="0" type="stmt"/>
      <line num="252" count="18" type="stmt"/>
      <line num="262" count="44" type="cond" truecount="1" falsecount="1"/>
      <line num="263" count="0" type="stmt"/>
      <line num="264" count="0" type="stmt"/>
      <line num="267" count="44" type="cond" truecount="1" falsecount="1"/>
      <line num="268" count="0" type="cond" truecount="0" falsecount="2"/>
      <line num="269" count="0" type="stmt"/>
      <line num="270" count="0" type="stmt"/>
      <line num="271" count="0" type="stmt"/>
      <line num="273" count="0" type="cond" truecount="0" falsecount="2"/>
      <line num="274" count="0" type="stmt"/>
      <line num="275" count="0" type="stmt"/>
      <line num="276" count="0" type="stmt"/>
      <line num="280" count="44" type="cond" truecount="4" falsecount="0"/>
      <line num="282" count="1" type="cond" truecount="1" falsecount="1"/>
      <line num="283" count="1" type="cond" truecount="1" falsecount="1"/>
      <line num="284" count="0" type="stmt"/>
      <line num="285" count="1" type="cond" truecount="1" falsecount="1"/>
      <line num="286" count="1" type="stmt"/>
      <line num="289" count="1" type="stmt"/>
      <line num="292" count="43" type="stmt"/>
      <line num="294" count="43" type="cond" truecount="6" falsecount="3"/>
      <line num="296" count="2" type="stmt"/>
      <line num="297" count="2" type="cond" truecount="1" falsecount="1"/>
      <line num="298" count="2" type="stmt"/>
      <line num="299" count="2" type="stmt"/>
      <line num="301" count="2" type="stmt"/>
      <line num="304" count="1" type="stmt"/>
      <line num="305" count="1" type="cond" truecount="1" falsecount="1"/>
      <line num="306" count="1" type="stmt"/>
      <line num="307" count="1" type="stmt"/>
      <line num="309" count="1" type="stmt"/>
      <line num="312" count="2" type="stmt"/>
      <line num="313" count="2" type="cond" truecount="1" falsecount="1"/>
      <line num="314" count="2" type="stmt"/>
      <line num="315" count="2" type="stmt"/>
      <line num="317" count="2" type="stmt"/>
      <line num="320" count="0" type="stmt"/>
      <line num="321" count="0" type="cond" truecount="0" falsecount="2"/>
      <line num="322" count="0" type="stmt"/>
      <line num="323" count="0" type="stmt"/>
      <line num="325" count="0" type="stmt"/>
      <line num="328" count="19" type="stmt"/>
      <line num="329" count="19" type="cond" truecount="2" falsecount="0"/>
      <line num="330" count="18" type="stmt"/>
      <line num="331" count="18" type="stmt"/>
      <line num="333" count="19" type="stmt"/>
      <line num="336" count="18" type="stmt"/>
      <line num="337" count="18" type="stmt"/>
      <line num="338" count="18" type="stmt"/>
      <line num="339" count="18" type="stmt"/>
      <line num="340" count="18" type="stmt"/>
      <line num="343" count="0" type="stmt"/>
      <line num="344" count="0" type="stmt"/>
      <line num="347" count="1" type="stmt"/>
      <line num="348" count="1" type="stmt"/>
      <line num="351" count="0" type="stmt"/>
      <line num="352" count="0" type="stmt"/>
      <line num="356" count="43" type="cond" truecount="4" falsecount="0"/>
      <line num="357" count="1" type="cond" truecount="1" falsecount="1"/>
      <line num="358" count="1" type="stmt"/>
      <line num="359" count="1" type="stmt"/>
      <line num="368" count="0" type="cond" truecount="0" falsecount="4"/>
      <line num="370" count="0" type="cond" truecount="0" falsecount="2"/>
      <line num="372" count="0" type="stmt"/>
      <line num="373" count="0" type="stmt"/>
      <line num="376" count="0" type="stmt"/>
      <line num="377" count="0" type="stmt"/>
      <line num="378" count="0" type="stmt"/>
      <line num="381" count="0" type="stmt"/>
      <line num="382" count="0" type="stmt"/>
      <line num="385" count="0" type="cond" truecount="0" falsecount="2"/>
      <line num="387" count="0" type="stmt"/>
      <line num="388" count="0" type="stmt"/>
      <line num="389" count="0" type="stmt"/>
      <line num="393" count="0" type="stmt"/>
      <line num="394" count="0" type="cond" truecount="0" falsecount="2"/>
      <line num="395" count="0" type="stmt"/>
      <line num="399" count="0" type="stmt"/>
    </file>
    <file name="Playfield.ts" path="/Users/joe/Development/misc/tetris/my-app/src/game/Playfield.ts">
      <metrics statements="54" coveredstatements="38" conditionals="24" coveredconditionals="20" methods="11" coveredmethods="8"/>
      <line num="13" count="26" type="stmt"/>
      <line num="14" count="26" type="stmt"/>
      <line num="15" count="26" type="stmt"/>
      <line num="18" count="26" type="stmt"/>
      <line num="25" count="35" type="stmt"/>
      <line num="26" count="35" type="stmt"/>
      <line num="27" count="1400" type="stmt"/>
      <line num="28" count="1400" type="stmt"/>
      <line num="29" count="14000" type="stmt"/>
      <line num="35" count="35" type="stmt"/>
      <line num="42" count="2" type="stmt"/>
      <line num="49" count="380" type="stmt"/>
      <line num="50" count="380" type="stmt"/>
      <line num="52" count="380" type="stmt"/>
      <line num="53" count="1286" type="stmt"/>
      <line num="54" count="4523" type="cond" truecount="2" falsecount="0"/>
      <line num="55" count="1487" type="stmt"/>
      <line num="56" count="1487" type="stmt"/>
      <line num="59" count="1487" type="cond" truecount="2" falsecount="0"/>
      <line num="65" count="10" type="stmt"/>
      <line num="69" count="1477" type="cond" truecount="2" falsecount="0"/>
      <line num="70" count="17" type="stmt"/>
      <line num="76" count="353" type="stmt"/>
      <line num="83" count="80" type="stmt"/>
      <line num="85" count="80" type="stmt"/>
      <line num="86" count="308" type="stmt"/>
      <line num="87" count="1196" type="cond" truecount="2" falsecount="0"/>
      <line num="88" count="320" type="stmt"/>
      <line num="89" count="320" type="stmt"/>
      <line num="91" count="320" type="cond" truecount="2" falsecount="0"/>
      <line num="97" count="273" type="stmt"/>
      <line num="111" count="21" type="stmt"/>
      <line num="113" count="21" type="stmt"/>
      <line num="114" count="867" type="stmt"/>
      <line num="115" count="840" type="cond" truecount="2" falsecount="0"/>
      <line num="116" count="3" type="stmt"/>
      <line num="120" count="840" type="stmt"/>
      <line num="127" count="0" type="cond" truecount="0" falsecount="2"/>
      <line num="130" count="0" type="stmt"/>
      <line num="133" count="0" type="stmt"/>
      <line num="134" count="0" type="stmt"/>
      <line num="138" count="0" type="stmt"/>
      <line num="139" count="0" type="stmt"/>
      <line num="140" count="0" type="stmt"/>
      <line num="141" count="0" type="stmt"/>
      <line num="143" count="0" type="stmt"/>
      <line num="152" count="0" type="stmt"/>
      <line num="153" count="0" type="stmt"/>
      <line num="155" count="0" type="stmt"/>
      <line num="156" count="0" type="stmt"/>
      <line num="157" count="0" type="cond" truecount="0" falsecount="2"/>
      <line num="158" count="0" type="stmt"/>
      <line num="163" count="0" type="stmt"/>
      <line num="170" count="9" type="stmt"/>
    </file>
    <file name="Randomizer.ts" path="/Users/joe/Development/misc/tetris/my-app/src/game/Randomizer.ts">
      <metrics statements="19" coveredstatements="12" conditionals="4" coveredconditionals="2" methods="6" coveredmethods="5"/>
      <line num="12" count="13" type="stmt"/>
      <line num="15" count="13" type="stmt"/>
      <line num="23" count="85" type="cond" truecount="2" falsecount="0"/>
      <line num="24" count="3" type="stmt"/>
      <line num="26" count="85" type="stmt"/>
      <line num="33" count="0" type="stmt"/>
      <line num="34" count="0" type="stmt"/>
      <line num="36" count="0" type="stmt"/>
      <line num="37" count="0" type="cond" truecount="0" falsecount="2"/>
      <line num="39" count="0" type="stmt"/>
      <line num="41" count="0" type="stmt"/>
      <line num="44" count="0" type="stmt"/>
      <line num="51" count="9" type="stmt"/>
      <line num="52" count="9" type="stmt"/>
      <line num="59" count="25" type="stmt"/>
      <line num="66" count="25" type="stmt"/>
      <line num="67" count="150" type="stmt"/>
      <line num="68" count="150" type="stmt"/>
      <line num="70" count="25" type="stmt"/>
    </file>
    <file name="ScoreManager.ts" path="/Users/joe/Development/misc/tetris/my-app/src/game/ScoreManager.ts">
      <metrics statements="11" coveredstatements="11" conditionals="6" coveredconditionals="6" methods="5" coveredmethods="5"/>
      <line num="19" count="19" type="stmt"/>
      <line num="26" count="19" type="cond" truecount="2" falsecount="0"/>
      <line num="27" count="19" type="stmt"/>
      <line num="37" count="48" type="cond" truecount="2" falsecount="0"/>
      <line num="38" count="4" type="stmt"/>
      <line num="41" count="44" type="cond" truecount="2" falsecount="0"/>
      <line num="42" count="48" type="stmt"/>
      <line num="56" count="8" type="stmt"/>
      <line num="66" count="11" type="stmt"/>
      <line num="67" count="11" type="stmt"/>
      <line num="76" count="20" type="stmt"/>
    </file>
    <file name="TetrominoController.ts" path="/Users/joe/Development/misc/tetris/my-app/src/game/TetrominoController.ts">
      <metrics statements="29" coveredstatements="23" conditionals="12" coveredconditionals="7" methods="5" coveredmethods="4"/>
      <line num="16" count="18" type="stmt"/>
      <line num="52" count="6" type="stmt"/>
      <line num="55" count="6" type="stmt"/>
      <line num="60" count="6" type="cond" truecount="2" falsecount="0"/>
      <line num="64" count="6" type="stmt"/>
      <line num="65" count="6" type="stmt"/>
      <line num="70" count="6" type="cond" truecount="1" falsecount="1"/>
      <line num="74" count="6" type="stmt"/>
      <line num="76" count="6" type="cond" truecount="1" falsecount="1"/>
      <line num="79" count="0" type="cond" truecount="0" falsecount="2"/>
      <line num="85" count="0" type="stmt"/>
      <line num="91" count="0" type="stmt"/>
      <line num="97" count="6" type="stmt"/>
      <line num="98" count="6" type="stmt"/>
      <line num="106" count="6" type="cond" truecount="1" falsecount="1"/>
      <line num="113" count="6" type="stmt"/>
      <line num="123" count="0" type="stmt"/>
      <line num="135" count="59" type="stmt"/>
      <line num="140" count="59" type="cond" truecount="2" falsecount="0"/>
      <line num="141" count="56" type="stmt"/>
      <line num="147" count="3" type="stmt"/>
      <line num="164" count="20" type="stmt"/>
      <line num="165" count="20" type="stmt"/>
      <line num="168" count="20" type="stmt"/>
      <line num="174" count="261" type="stmt"/>
      <line num="175" count="261" type="stmt"/>
      <line num="178" count="20" type="stmt"/>
      <line num="198" count="0" type="stmt"/>
      <line num="199" count="0" type="stmt"/>
    </file>
    <file name="constants.ts" path="/Users/joe/Development/misc/tetris/my-app/src/game/constants.ts">
      <metrics statements="17" coveredstatements="17" conditionals="0" coveredconditionals="0" methods="0" coveredmethods="0"/>
      <line num="13" count="5" type="stmt"/>
      <line num="38" count="5" type="stmt"/>
      <line num="52" count="5" type="stmt"/>
      <line num="65" count="5" type="stmt"/>
      <line num="86" count="5" type="stmt"/>
      <line num="117" count="5" type="stmt"/>
      <line num="144" count="5" type="stmt"/>
      <line num="171" count="5" type="stmt"/>
      <line num="202" count="5" type="stmt"/>
      <line num="229" count="5" type="stmt"/>
      <line num="256" count="5" type="stmt"/>
      <line num="286" count="5" type="stmt"/>
      <line num="301" count="5" type="stmt"/>
      <line num="321" count="5" type="stmt"/>
      <line num="335" count="5" type="stmt"/>
      <line num="349" count="5" type="stmt"/>
      <line num="358" count="5" type="stmt"/>
    </file>
    <file name="tetrominoes.ts" path="/Users/joe/Development/misc/tetris/my-app/src/game/tetrominoes.ts">
      <metrics statements="10" coveredstatements="4" conditionals="1" coveredconditionals="0" methods="5" coveredmethods="1"/>
      <line num="18" count="78" type="stmt"/>
      <line num="19" count="78" type="stmt"/>
      <line num="20" count="78" type="stmt"/>
      <line num="22" count="78" type="stmt"/>
      <line num="39" count="0" type="stmt"/>
      <line num="40" count="0" type="stmt"/>
      <line num="42" count="0" type="stmt"/>
      <line num="58" count="0" type="stmt"/>
      <line num="65" count="0" type="stmt"/>
      <line num="68" count="0" type="stmt"/>
    </file>
    <file name="types.ts" path="/Users/joe/Development/misc/tetris/my-app/src/game/types.ts">
      <metrics statements="3" coveredstatements="3" conditionals="0" coveredconditionals="0" methods="0" coveredmethods="0"/>
      <line num="20" count="2" type="stmt"/>
      <line num="32" count="2" type="stmt"/>
      <line num="52" count="2" type="stmt"/>
    </file>
  </project>
</coverage>
