{"/Users/joe/Development/misc/tetris/my-app/src/game/GameState.ts": {"path":"/Users/joe/Development/misc/tetris/my-app/src/game/GameState.ts","statementMap":{"0":{"start":{"line":25,"column":4},"end":{"line":25,"column":null}},"1":{"start":{"line":26,"column":4},"end":{"line":26,"column":null}},"2":{"start":{"line":27,"column":4},"end":{"line":27,"column":null}},"3":{"start":{"line":28,"column":4},"end":{"line":28,"column":null}},"4":{"start":{"line":29,"column":4},"end":{"line":29,"column":null}},"5":{"start":{"line":36,"column":36},"end":{"line":36,"column":null}},"6":{"start":{"line":37,"column":4},"end":{"line":39,"column":null}},"7":{"start":{"line":37,"column":17},"end":{"line":37,"column":20}},"8":{"start":{"line":38,"column":6},"end":{"line":38,"column":null}},"9":{"start":{"line":41,"column":4},"end":{"line":59,"column":null}},"10":{"start":{"line":66,"column":4},"end":{"line":66,"column":null}},"11":{"start":{"line":73,"column":4},"end":{"line":73,"column":null}},"12":{"start":{"line":74,"column":4},"end":{"line":74,"column":null}},"13":{"start":{"line":75,"column":4},"end":{"line":75,"column":null}},"14":{"start":{"line":76,"column":4},"end":{"line":76,"column":null}},"15":{"start":{"line":77,"column":4},"end":{"line":77,"column":null}},"16":{"start":{"line":84,"column":4},"end":{"line":86,"column":null}},"17":{"start":{"line":85,"column":6},"end":{"line":85,"column":null}},"18":{"start":{"line":93,"column":4},"end":{"line":95,"column":null}},"19":{"start":{"line":94,"column":6},"end":{"line":94,"column":null}},"20":{"start":{"line":102,"column":4},"end":{"line":104,"column":null}},"21":{"start":{"line":103,"column":6},"end":{"line":103,"column":null}},"22":{"start":{"line":106,"column":4},"end":{"line":106,"column":null}},"23":{"start":{"line":107,"column":4},"end":{"line":107,"column":null}},"24":{"start":{"line":108,"column":4},"end":{"line":108,"column":null}},"25":{"start":{"line":109,"column":4},"end":{"line":109,"column":null}},"26":{"start":{"line":110,"column":4},"end":{"line":110,"column":null}},"27":{"start":{"line":113,"column":4},"end":{"line":117,"column":null}},"28":{"start":{"line":114,"column":6},"end":{"line":114,"column":null}},"29":{"start":{"line":115,"column":6},"end":{"line":115,"column":null}},"30":{"start":{"line":116,"column":6},"end":{"line":116,"column":null}},"31":{"start":{"line":120,"column":22},"end":{"line":120,"column":null}},"32":{"start":{"line":121,"column":4},"end":{"line":123,"column":null}},"33":{"start":{"line":122,"column":6},"end":{"line":122,"column":null}},"34":{"start":{"line":130,"column":4},"end":{"line":132,"column":null}},"35":{"start":{"line":131,"column":6},"end":{"line":131,"column":null}},"36":{"start":{"line":135,"column":4},"end":{"line":135,"column":null}},"37":{"start":{"line":136,"column":4},"end":{"line":139,"column":null}},"38":{"start":{"line":137,"column":6},"end":{"line":137,"column":null}},"39":{"start":{"line":138,"column":6},"end":{"line":138,"column":null}},"40":{"start":{"line":142,"column":4},"end":{"line":144,"column":null}},"41":{"start":{"line":143,"column":6},"end":{"line":143,"column":null}},"42":{"start":{"line":151,"column":4},"end":{"line":151,"column":null}},"43":{"start":{"line":151,"column":34},"end":{"line":151,"column":null}},"44":{"start":{"line":153,"column":18},"end":{"line":153,"column":null}},"45":{"start":{"line":154,"column":4},"end":{"line":156,"column":null}},"46":{"start":{"line":155,"column":6},"end":{"line":155,"column":null}},"47":{"start":{"line":163,"column":4},"end":{"line":163,"column":null}},"48":{"start":{"line":163,"column":34},"end":{"line":163,"column":null}},"49":{"start":{"line":165,"column":18},"end":{"line":165,"column":null}},"50":{"start":{"line":166,"column":4},"end":{"line":166,"column":null}},"51":{"start":{"line":173,"column":4},"end":{"line":173,"column":null}},"52":{"start":{"line":173,"column":34},"end":{"line":173,"column":null}},"53":{"start":{"line":175,"column":4},"end":{"line":175,"column":null}},"54":{"start":{"line":178,"column":4},"end":{"line":181,"column":null}},"55":{"start":{"line":180,"column":6},"end":{"line":180,"column":null}},"56":{"start":{"line":183,"column":4},"end":{"line":185,"column":null}},"57":{"start":{"line":184,"column":6},"end":{"line":184,"column":null}},"58":{"start":{"line":192,"column":4},"end":{"line":192,"column":null}},"59":{"start":{"line":192,"column":34},"end":{"line":192,"column":null}},"60":{"start":{"line":196,"column":18},"end":{"line":196,"column":null}},"61":{"start":{"line":197,"column":25},"end":{"line":197,"column":null}},"62":{"start":{"line":199,"column":4},"end":{"line":209,"column":null}},"63":{"start":{"line":199,"column":17},"end":{"line":199,"column":20}},"64":{"start":{"line":200,"column":6},"end":{"line":208,"column":null}},"65":{"start":{"line":200,"column":19},"end":{"line":200,"column":22}},"66":{"start":{"line":201,"column":8},"end":{"line":207,"column":null}},"67":{"start":{"line":202,"column":28},"end":{"line":202,"column":null}},"68":{"start":{"line":204,"column":10},"end":{"line":206,"column":null}},"69":{"start":{"line":205,"column":12},"end":{"line":205,"column":null}},"70":{"start":{"line":212,"column":4},"end":{"line":217,"column":null}},"71":{"start":{"line":213,"column":6},"end":{"line":213,"column":null}},"72":{"start":{"line":214,"column":6},"end":{"line":214,"column":null}},"73":{"start":{"line":215,"column":6},"end":{"line":215,"column":null}},"74":{"start":{"line":216,"column":6},"end":{"line":216,"column":null}},"75":{"start":{"line":220,"column":4},"end":{"line":220,"column":null}},"76":{"start":{"line":223,"column":4},"end":{"line":223,"column":null}},"77":{"start":{"line":226,"column":27},"end":{"line":226,"column":null}},"78":{"start":{"line":227,"column":4},"end":{"line":249,"column":null}},"79":{"start":{"line":229,"column":6},"end":{"line":229,"column":null}},"80":{"start":{"line":232,"column":6},"end":{"line":232,"column":null}},"81":{"start":{"line":235,"column":24},"end":{"line":235,"column":null}},"82":{"start":{"line":236,"column":6},"end":{"line":236,"column":null}},"83":{"start":{"line":237,"column":6},"end":{"line":237,"column":null}},"84":{"start":{"line":240,"column":6},"end":{"line":243,"column":null}},"85":{"start":{"line":241,"column":8},"end":{"line":241,"column":null}},"86":{"start":{"line":242,"column":8},"end":{"line":242,"column":null}},"87":{"start":{"line":246,"column":6},"end":{"line":248,"column":null}},"88":{"start":{"line":247,"column":8},"end":{"line":247,"column":null}},"89":{"start":{"line":252,"column":4},"end":{"line":252,"column":null}},"90":{"start":{"line":262,"column":4},"end":{"line":265,"column":null}},"91":{"start":{"line":263,"column":6},"end":{"line":263,"column":null}},"92":{"start":{"line":264,"column":6},"end":{"line":264,"column":null}},"93":{"start":{"line":267,"column":4},"end":{"line":278,"column":null}},"94":{"start":{"line":268,"column":6},"end":{"line":272,"column":null}},"95":{"start":{"line":269,"column":8},"end":{"line":269,"column":null}},"96":{"start":{"line":270,"column":8},"end":{"line":270,"column":null}},"97":{"start":{"line":271,"column":8},"end":{"line":271,"column":null}},"98":{"start":{"line":273,"column":6},"end":{"line":277,"column":null}},"99":{"start":{"line":274,"column":8},"end":{"line":274,"column":null}},"100":{"start":{"line":275,"column":8},"end":{"line":275,"column":null}},"101":{"start":{"line":276,"column":8},"end":{"line":276,"column":null}},"102":{"start":{"line":280,"column":4},"end":{"line":290,"column":null}},"103":{"start":{"line":282,"column":6},"end":{"line":288,"column":null}},"104":{"start":{"line":283,"column":8},"end":{"line":287,"column":null}},"105":{"start":{"line":284,"column":10},"end":{"line":284,"column":null}},"106":{"start":{"line":285,"column":8},"end":{"line":287,"column":null}},"107":{"start":{"line":286,"column":10},"end":{"line":286,"column":null}},"108":{"start":{"line":289,"column":6},"end":{"line":289,"column":null}},"109":{"start":{"line":292,"column":16},"end":{"line":292,"column":null}},"110":{"start":{"line":294,"column":4},"end":{"line":353,"column":null}},"111":{"start":{"line":296,"column":26},"end":{"line":296,"column":null}},"112":{"start":{"line":297,"column":8},"end":{"line":300,"column":null}},"113":{"start":{"line":298,"column":10},"end":{"line":298,"column":null}},"114":{"start":{"line":299,"column":10},"end":{"line":299,"column":null}},"115":{"start":{"line":301,"column":8},"end":{"line":301,"column":null}},"116":{"start":{"line":304,"column":27},"end":{"line":304,"column":null}},"117":{"start":{"line":305,"column":8},"end":{"line":308,"column":null}},"118":{"start":{"line":306,"column":10},"end":{"line":306,"column":null}},"119":{"start":{"line":307,"column":10},"end":{"line":307,"column":null}},"120":{"start":{"line":309,"column":8},"end":{"line":309,"column":null}},"121":{"start":{"line":312,"column":26},"end":{"line":312,"column":null}},"122":{"start":{"line":313,"column":8},"end":{"line":316,"column":null}},"123":{"start":{"line":314,"column":10},"end":{"line":314,"column":null}},"124":{"start":{"line":315,"column":10},"end":{"line":315,"column":null}},"125":{"start":{"line":317,"column":8},"end":{"line":317,"column":null}},"126":{"start":{"line":320,"column":27},"end":{"line":320,"column":null}},"127":{"start":{"line":321,"column":8},"end":{"line":324,"column":null}},"128":{"start":{"line":322,"column":10},"end":{"line":322,"column":null}},"129":{"start":{"line":323,"column":10},"end":{"line":323,"column":null}},"130":{"start":{"line":325,"column":8},"end":{"line":325,"column":null}},"131":{"start":{"line":328,"column":28},"end":{"line":328,"column":null}},"132":{"start":{"line":329,"column":8},"end":{"line":332,"column":null}},"133":{"start":{"line":330,"column":10},"end":{"line":330,"column":null}},"134":{"start":{"line":331,"column":10},"end":{"line":331,"column":null}},"135":{"start":{"line":333,"column":8},"end":{"line":333,"column":null}},"136":{"start":{"line":336,"column":23},"end":{"line":336,"column":null}},"137":{"start":{"line":337,"column":8},"end":{"line":337,"column":null}},"138":{"start":{"line":338,"column":8},"end":{"line":338,"column":null}},"139":{"start":{"line":339,"column":8},"end":{"line":339,"column":null}},"140":{"start":{"line":340,"column":8},"end":{"line":340,"column":null}},"141":{"start":{"line":343,"column":8},"end":{"line":343,"column":null}},"142":{"start":{"line":344,"column":8},"end":{"line":344,"column":null}},"143":{"start":{"line":347,"column":8},"end":{"line":347,"column":null}},"144":{"start":{"line":348,"column":8},"end":{"line":348,"column":null}},"145":{"start":{"line":351,"column":8},"end":{"line":351,"column":null}},"146":{"start":{"line":352,"column":8},"end":{"line":352,"column":null}},"147":{"start":{"line":356,"column":4},"end":{"line":361,"column":null}},"148":{"start":{"line":357,"column":6},"end":{"line":360,"column":null}},"149":{"start":{"line":358,"column":8},"end":{"line":358,"column":null}},"150":{"start":{"line":359,"column":8},"end":{"line":359,"column":null}},"151":{"start":{"line":368,"column":4},"end":{"line":368,"column":null}},"152":{"start":{"line":368,"column":57},"end":{"line":368,"column":null}},"153":{"start":{"line":370,"column":4},"end":{"line":397,"column":null}},"154":{"start":{"line":372,"column":6},"end":{"line":372,"column":null}},"155":{"start":{"line":373,"column":6},"end":{"line":373,"column":null}},"156":{"start":{"line":376,"column":19},"end":{"line":376,"column":null}},"157":{"start":{"line":377,"column":6},"end":{"line":377,"column":null}},"158":{"start":{"line":378,"column":6},"end":{"line":378,"column":null}},"159":{"start":{"line":381,"column":6},"end":{"line":381,"column":null}},"160":{"start":{"line":382,"column":6},"end":{"line":382,"column":null}},"161":{"start":{"line":385,"column":6},"end":{"line":390,"column":null}},"162":{"start":{"line":387,"column":8},"end":{"line":387,"column":null}},"163":{"start":{"line":388,"column":8},"end":{"line":388,"column":null}},"164":{"start":{"line":389,"column":8},"end":{"line":389,"column":null}},"165":{"start":{"line":393,"column":24},"end":{"line":393,"column":null}},"166":{"start":{"line":394,"column":6},"end":{"line":396,"column":null}},"167":{"start":{"line":395,"column":8},"end":{"line":395,"column":null}},"168":{"start":{"line":399,"column":4},"end":{"line":399,"column":null}}},"fnMap":{"0":{"name":"(anonymous_0)","decl":{"start":{"line":24,"column":2},"end":{"line":24,"column":16}},"loc":{"start":{"line":24,"column":16},"end":{"line":30,"column":null}},"line":24},"1":{"name":"(anonymous_1)","decl":{"start":{"line":35,"column":10},"end":{"line":35,"column":42}},"loc":{"start":{"line":35,"column":42},"end":{"line":60,"column":null}},"line":35},"2":{"name":"(anonymous_2)","decl":{"start":{"line":65,"column":2},"end":{"line":65,"column":34}},"loc":{"start":{"line":65,"column":34},"end":{"line":67,"column":null}},"line":65},"3":{"name":"(anonymous_3)","decl":{"start":{"line":72,"column":2},"end":{"line":72,"column":16}},"loc":{"start":{"line":72,"column":16},"end":{"line":78,"column":null}},"line":72},"4":{"name":"(anonymous_4)","decl":{"start":{"line":83,"column":2},"end":{"line":83,"column":16}},"loc":{"start":{"line":83,"column":16},"end":{"line":87,"column":null}},"line":83},"5":{"name":"(anonymous_5)","decl":{"start":{"line":92,"column":2},"end":{"line":92,"column":17}},"loc":{"start":{"line":92,"column":17},"end":{"line":96,"column":null}},"line":92},"6":{"name":"(anonymous_6)","decl":{"start":{"line":101,"column":10},"end":{"line":101,"column":29}},"loc":{"start":{"line":101,"column":29},"end":{"line":124,"column":null}},"line":101},"7":{"name":"(anonymous_7)","decl":{"start":{"line":129,"column":2},"end":{"line":129,"column":9}},"loc":{"start":{"line":129,"column":34},"end":{"line":145,"column":null}},"line":129},"8":{"name":"(anonymous_8)","decl":{"start":{"line":150,"column":10},"end":{"line":150,"column":34}},"loc":{"start":{"line":150,"column":34},"end":{"line":157,"column":null}},"line":150},"9":{"name":"(anonymous_9)","decl":{"start":{"line":162,"column":10},"end":{"line":162,"column":35}},"loc":{"start":{"line":162,"column":35},"end":{"line":167,"column":null}},"line":162},"10":{"name":"(anonymous_10)","decl":{"start":{"line":172,"column":2},"end":{"line":172,"column":18}},"loc":{"start":{"line":172,"column":43},"end":{"line":186,"column":null}},"line":172},"11":{"name":"(anonymous_11)","decl":{"start":{"line":191,"column":2},"end":{"line":191,"column":27}},"loc":{"start":{"line":191,"column":27},"end":{"line":253,"column":null}},"line":191},"12":{"name":"(anonymous_12)","decl":{"start":{"line":246,"column":17},"end":{"line":246,"column":23}},"loc":{"start":{"line":246,"column":23},"end":{"line":248,"column":9}},"line":246},"13":{"name":"(anonymous_13)","decl":{"start":{"line":260,"column":2},"end":{"line":260,"column":14}},"loc":{"start":{"line":260,"column":38},"end":{"line":362,"column":null}},"line":260},"14":{"name":"(anonymous_14)","decl":{"start":{"line":367,"column":10},"end":{"line":367,"column":29}},"loc":{"start":{"line":367,"column":29},"end":{"line":400,"column":null}},"line":367}},"branchMap":{"0":{"loc":{"start":{"line":84,"column":4},"end":{"line":86,"column":null}},"type":"if","locations":[{"start":{"line":84,"column":4},"end":{"line":86,"column":null}},{"start":{},"end":{}}],"line":84},"1":{"loc":{"start":{"line":93,"column":4},"end":{"line":95,"column":null}},"type":"if","locations":[{"start":{"line":93,"column":4},"end":{"line":95,"column":null}},{"start":{},"end":{}}],"line":93},"2":{"loc":{"start":{"line":102,"column":4},"end":{"line":104,"column":null}},"type":"if","locations":[{"start":{"line":102,"column":4},"end":{"line":104,"column":null}},{"start":{},"end":{}}],"line":102},"3":{"loc":{"start":{"line":113,"column":4},"end":{"line":117,"column":null}},"type":"if","locations":[{"start":{"line":113,"column":4},"end":{"line":117,"column":null}},{"start":{},"end":{}}],"line":113},"4":{"loc":{"start":{"line":121,"column":4},"end":{"line":123,"column":null}},"type":"if","locations":[{"start":{"line":121,"column":4},"end":{"line":123,"column":null}},{"start":{},"end":{}}],"line":121},"5":{"loc":{"start":{"line":130,"column":4},"end":{"line":132,"column":null}},"type":"if","locations":[{"start":{"line":130,"column":4},"end":{"line":132,"column":null}},{"start":{},"end":{}}],"line":130},"6":{"loc":{"start":{"line":130,"column":8},"end":{"line":130,"column":82}},"type":"binary-expr","locations":[{"start":{"line":130,"column":8},"end":{"line":130,"column":56}},{"start":{"line":130,"column":56},"end":{"line":130,"column":82}}],"line":130},"7":{"loc":{"start":{"line":136,"column":4},"end":{"line":139,"column":null}},"type":"if","locations":[{"start":{"line":136,"column":4},"end":{"line":139,"column":null}},{"start":{},"end":{}}],"line":136},"8":{"loc":{"start":{"line":142,"column":4},"end":{"line":144,"column":null}},"type":"if","locations":[{"start":{"line":142,"column":4},"end":{"line":144,"column":null}},{"start":{},"end":{}}],"line":142},"9":{"loc":{"start":{"line":151,"column":4},"end":{"line":151,"column":null}},"type":"if","locations":[{"start":{"line":151,"column":4},"end":{"line":151,"column":null}},{"start":{},"end":{}}],"line":151},"10":{"loc":{"start":{"line":154,"column":4},"end":{"line":156,"column":null}},"type":"if","locations":[{"start":{"line":154,"column":4},"end":{"line":156,"column":null}},{"start":{},"end":{}}],"line":154},"11":{"loc":{"start":{"line":163,"column":4},"end":{"line":163,"column":null}},"type":"if","locations":[{"start":{"line":163,"column":4},"end":{"line":163,"column":null}},{"start":{},"end":{}}],"line":163},"12":{"loc":{"start":{"line":173,"column":4},"end":{"line":173,"column":null}},"type":"if","locations":[{"start":{"line":173,"column":4},"end":{"line":173,"column":null}},{"start":{},"end":{}}],"line":173},"13":{"loc":{"start":{"line":178,"column":4},"end":{"line":181,"column":null}},"type":"if","locations":[{"start":{"line":178,"column":4},"end":{"line":181,"column":null}},{"start":{},"end":{}}],"line":178},"14":{"loc":{"start":{"line":178,"column":8},"end":{"line":179,"column":60}},"type":"binary-expr","locations":[{"start":{"line":178,"column":8},"end":{"line":178,"column":null}},{"start":{"line":179,"column":8},"end":{"line":179,"column":60}}],"line":178},"15":{"loc":{"start":{"line":183,"column":4},"end":{"line":185,"column":null}},"type":"if","locations":[{"start":{"line":183,"column":4},"end":{"line":185,"column":null}},{"start":{},"end":{}}],"line":183},"16":{"loc":{"start":{"line":192,"column":4},"end":{"line":192,"column":null}},"type":"if","locations":[{"start":{"line":192,"column":4},"end":{"line":192,"column":null}},{"start":{},"end":{}}],"line":192},"17":{"loc":{"start":{"line":201,"column":8},"end":{"line":207,"column":null}},"type":"if","locations":[{"start":{"line":201,"column":8},"end":{"line":207,"column":null}},{"start":{},"end":{}}],"line":201},"18":{"loc":{"start":{"line":204,"column":10},"end":{"line":206,"column":null}},"type":"if","locations":[{"start":{"line":204,"column":10},"end":{"line":206,"column":null}},{"start":{},"end":{}}],"line":204},"19":{"loc":{"start":{"line":204,"column":14},"end":{"line":204,"column":67}},"type":"binary-expr","locations":[{"start":{"line":204,"column":14},"end":{"line":204,"column":39}},{"start":{"line":204,"column":39},"end":{"line":204,"column":67}}],"line":204},"20":{"loc":{"start":{"line":212,"column":4},"end":{"line":217,"column":null}},"type":"if","locations":[{"start":{"line":212,"column":4},"end":{"line":217,"column":null}},{"start":{},"end":{}}],"line":212},"21":{"loc":{"start":{"line":212,"column":8},"end":{"line":212,"column":54}},"type":"binary-expr","locations":[{"start":{"line":212,"column":8},"end":{"line":212,"column":33}},{"start":{"line":212,"column":33},"end":{"line":212,"column":54}}],"line":212},"22":{"loc":{"start":{"line":227,"column":4},"end":{"line":249,"column":null}},"type":"if","locations":[{"start":{"line":227,"column":4},"end":{"line":249,"column":null}},{"start":{},"end":{}}],"line":227},"23":{"loc":{"start":{"line":240,"column":6},"end":{"line":243,"column":null}},"type":"if","locations":[{"start":{"line":240,"column":6},"end":{"line":243,"column":null}},{"start":{},"end":{}}],"line":240},"24":{"loc":{"start":{"line":262,"column":4},"end":{"line":265,"column":null}},"type":"if","locations":[{"start":{"line":262,"column":4},"end":{"line":265,"column":null}},{"start":{},"end":{}}],"line":262},"25":{"loc":{"start":{"line":267,"column":4},"end":{"line":278,"column":null}},"type":"if","locations":[{"start":{"line":267,"column":4},"end":{"line":278,"column":null}},{"start":{},"end":{}}],"line":267},"26":{"loc":{"start":{"line":268,"column":6},"end":{"line":272,"column":null}},"type":"if","locations":[{"start":{"line":268,"column":6},"end":{"line":272,"column":null}},{"start":{},"end":{}}],"line":268},"27":{"loc":{"start":{"line":273,"column":6},"end":{"line":277,"column":null}},"type":"if","locations":[{"start":{"line":273,"column":6},"end":{"line":277,"column":null}},{"start":{},"end":{}}],"line":273},"28":{"loc":{"start":{"line":280,"column":4},"end":{"line":290,"column":null}},"type":"if","locations":[{"start":{"line":280,"column":4},"end":{"line":290,"column":null}},{"start":{},"end":{}}],"line":280},"29":{"loc":{"start":{"line":280,"column":8},"end":{"line":280,"column":82}},"type":"binary-expr","locations":[{"start":{"line":280,"column":8},"end":{"line":280,"column":56}},{"start":{"line":280,"column":56},"end":{"line":280,"column":82}}],"line":280},"30":{"loc":{"start":{"line":282,"column":6},"end":{"line":288,"column":null}},"type":"if","locations":[{"start":{"line":282,"column":6},"end":{"line":288,"column":null}},{"start":{},"end":{}}],"line":282},"31":{"loc":{"start":{"line":283,"column":8},"end":{"line":287,"column":null}},"type":"if","locations":[{"start":{"line":283,"column":8},"end":{"line":287,"column":null}},{"start":{"line":285,"column":8},"end":{"line":287,"column":null}}],"line":283},"32":{"loc":{"start":{"line":285,"column":8},"end":{"line":287,"column":null}},"type":"if","locations":[{"start":{"line":285,"column":8},"end":{"line":287,"column":null}},{"start":{},"end":{}}],"line":285},"33":{"loc":{"start":{"line":294,"column":4},"end":{"line":353,"column":null}},"type":"switch","locations":[{"start":{"line":295,"column":6},"end":{"line":301,"column":null}},{"start":{"line":303,"column":6},"end":{"line":309,"column":null}},{"start":{"line":311,"column":6},"end":{"line":317,"column":null}},{"start":{"line":319,"column":6},"end":{"line":325,"column":null}},{"start":{"line":327,"column":6},"end":{"line":333,"column":null}},{"start":{"line":335,"column":6},"end":{"line":340,"column":null}},{"start":{"line":342,"column":6},"end":{"line":344,"column":null}},{"start":{"line":346,"column":6},"end":{"line":348,"column":null}},{"start":{"line":350,"column":6},"end":{"line":352,"column":null}}],"line":294},"34":{"loc":{"start":{"line":297,"column":8},"end":{"line":300,"column":null}},"type":"if","locations":[{"start":{"line":297,"column":8},"end":{"line":300,"column":null}},{"start":{},"end":{}}],"line":297},"35":{"loc":{"start":{"line":305,"column":8},"end":{"line":308,"column":null}},"type":"if","locations":[{"start":{"line":305,"column":8},"end":{"line":308,"column":null}},{"start":{},"end":{}}],"line":305},"36":{"loc":{"start":{"line":313,"column":8},"end":{"line":316,"column":null}},"type":"if","locations":[{"start":{"line":313,"column":8},"end":{"line":316,"column":null}},{"start":{},"end":{}}],"line":313},"37":{"loc":{"start":{"line":321,"column":8},"end":{"line":324,"column":null}},"type":"if","locations":[{"start":{"line":321,"column":8},"end":{"line":324,"column":null}},{"start":{},"end":{}}],"line":321},"38":{"loc":{"start":{"line":329,"column":8},"end":{"line":332,"column":null}},"type":"if","locations":[{"start":{"line":329,"column":8},"end":{"line":332,"column":null}},{"start":{},"end":{}}],"line":329},"39":{"loc":{"start":{"line":356,"column":4},"end":{"line":361,"column":null}},"type":"if","locations":[{"start":{"line":356,"column":4},"end":{"line":361,"column":null}},{"start":{},"end":{}}],"line":356},"40":{"loc":{"start":{"line":356,"column":8},"end":{"line":356,"column":39}},"type":"binary-expr","locations":[{"start":{"line":356,"column":8},"end":{"line":356,"column":17}},{"start":{"line":356,"column":17},"end":{"line":356,"column":39}}],"line":356},"41":{"loc":{"start":{"line":357,"column":6},"end":{"line":360,"column":null}},"type":"if","locations":[{"start":{"line":357,"column":6},"end":{"line":360,"column":null}},{"start":{},"end":{}}],"line":357},"42":{"loc":{"start":{"line":368,"column":4},"end":{"line":368,"column":null}},"type":"if","locations":[{"start":{"line":368,"column":4},"end":{"line":368,"column":null}},{"start":{},"end":{}}],"line":368},"43":{"loc":{"start":{"line":368,"column":8},"end":{"line":368,"column":57}},"type":"binary-expr","locations":[{"start":{"line":368,"column":8},"end":{"line":368,"column":31}},{"start":{"line":368,"column":31},"end":{"line":368,"column":57}}],"line":368},"44":{"loc":{"start":{"line":370,"column":4},"end":{"line":397,"column":null}},"type":"if","locations":[{"start":{"line":370,"column":4},"end":{"line":397,"column":null}},{"start":{"line":374,"column":11},"end":{"line":397,"column":null}}],"line":370},"45":{"loc":{"start":{"line":385,"column":6},"end":{"line":390,"column":null}},"type":"if","locations":[{"start":{"line":385,"column":6},"end":{"line":390,"column":null}},{"start":{},"end":{}}],"line":385},"46":{"loc":{"start":{"line":394,"column":6},"end":{"line":396,"column":null}},"type":"if","locations":[{"start":{"line":394,"column":6},"end":{"line":396,"column":null}},{"start":{},"end":{}}],"line":394}},"s":{"0":9,"1":9,"2":9,"3":9,"4":9,"5":18,"6":18,"7":18,"8":36,"9":18,"10":54,"11":9,"12":9,"13":9,"14":9,"15":9,"16":1,"17":1,"18":1,"19":1,"20":27,"21":0,"22":27,"23":27,"24":27,"25":27,"26":27,"27":27,"28":0,"29":0,"30":0,"31":27,"32":27,"33":27,"34":1,"35":0,"36":1,"37":1,"38":1,"39":1,"40":1,"41":0,"42":1,"43":0,"44":1,"45":1,"46":1,"47":6,"48":0,"49":6,"50":6,"51":0,"52":0,"53":0,"54":0,"55":0,"56":0,"57":0,"58":18,"59":0,"60":18,"61":18,"62":18,"63":18,"64":60,"65":60,"66":204,"67":72,"68":72,"69":39,"70":18,"71":0,"72":0,"73":0,"74":0,"75":18,"76":18,"77":18,"78":18,"79":0,"80":0,"81":0,"82":0,"83":0,"84":0,"85":0,"86":0,"87":0,"88":0,"89":18,"90":44,"91":0,"92":0,"93":44,"94":0,"95":0,"96":0,"97":0,"98":0,"99":0,"100":0,"101":0,"102":44,"103":1,"104":1,"105":0,"106":1,"107":1,"108":1,"109":43,"110":43,"111":2,"112":2,"113":2,"114":2,"115":2,"116":1,"117":1,"118":1,"119":1,"120":1,"121":2,"122":2,"123":2,"124":2,"125":2,"126":0,"127":0,"128":0,"129":0,"130":0,"131":19,"132":19,"133":18,"134":18,"135":19,"136":18,"137":18,"138":18,"139":18,"140":18,"141":0,"142":0,"143":1,"144":1,"145":0,"146":0,"147":43,"148":1,"149":1,"150":1,"151":0,"152":0,"153":0,"154":0,"155":0,"156":0,"157":0,"158":0,"159":0,"160":0,"161":0,"162":0,"163":0,"164":0,"165":0,"166":0,"167":0,"168":0},"f":{"0":9,"1":18,"2":54,"3":9,"4":1,"5":1,"6":27,"7":1,"8":1,"9":6,"10":0,"11":18,"12":0,"13":44,"14":0},"b":{"0":[1,0],"1":[1,0],"2":[0,27],"3":[0,27],"4":[27,0],"5":[0,1],"6":[1,1],"7":[1,0],"8":[0,1],"9":[0,1],"10":[1,0],"11":[0,6],"12":[0,0],"13":[0,0],"14":[0,0],"15":[0,0],"16":[0,18],"17":[72,132],"18":[39,33],"19":[72,54],"20":[0,18],"21":[18,18],"22":[0,18],"23":[0,0],"24":[0,44],"25":[0,44],"26":[0,0],"27":[0,0],"28":[1,43],"29":[44,43],"30":[1,0],"31":[0,1],"32":[1,0],"33":[43,1,2,0,19,18,0,1,0],"34":[2,0],"35":[1,0],"36":[2,0],"37":[0,0],"38":[18,1],"39":[1,42],"40":[43,5],"41":[1,0],"42":[0,0],"43":[0,0],"44":[0,0],"45":[0,0],"46":[0,0]},"meta":{"lastBranch":47,"lastFunction":15,"lastStatement":169,"seen":{"f:24:2:24:16":0,"s:25:4:25:Infinity":0,"s:26:4:26:Infinity":1,"s:27:4:27:Infinity":2,"s:28:4:28:Infinity":3,"s:29:4:29:Infinity":4,"f:35:10:35:42":1,"s:36:36:36:Infinity":5,"s:37:4:39:Infinity":6,"s:37:17:37:20":7,"s:38:6:38:Infinity":8,"s:41:4:59:Infinity":9,"f:65:2:65:34":2,"s:66:4:66:Infinity":10,"f:72:2:72:16":3,"s:73:4:73:Infinity":11,"s:74:4:74:Infinity":12,"s:75:4:75:Infinity":13,"s:76:4:76:Infinity":14,"s:77:4:77:Infinity":15,"f:83:2:83:16":4,"b:84:4:86:Infinity:undefined:undefined:undefined:undefined":0,"s:84:4:86:Infinity":16,"s:85:6:85:Infinity":17,"f:92:2:92:17":5,"b:93:4:95:Infinity:undefined:undefined:undefined:undefined":1,"s:93:4:95:Infinity":18,"s:94:6:94:Infinity":19,"f:101:10:101:29":6,"b:102:4:104:Infinity:undefined:undefined:undefined:undefined":2,"s:102:4:104:Infinity":20,"s:103:6:103:Infinity":21,"s:106:4:106:Infinity":22,"s:107:4:107:Infinity":23,"s:108:4:108:Infinity":24,"s:109:4:109:Infinity":25,"s:110:4:110:Infinity":26,"b:113:4:117:Infinity:undefined:undefined:undefined:undefined":3,"s:113:4:117:Infinity":27,"s:114:6:114:Infinity":28,"s:115:6:115:Infinity":29,"s:116:6:116:Infinity":30,"s:120:22:120:Infinity":31,"b:121:4:123:Infinity:undefined:undefined:undefined:undefined":4,"s:121:4:123:Infinity":32,"s:122:6:122:Infinity":33,"f:129:2:129:9":7,"b:130:4:132:Infinity:undefined:undefined:undefined:undefined":5,"s:130:4:132:Infinity":34,"b:130:8:130:56:130:56:130:82":6,"s:131:6:131:Infinity":35,"s:135:4:135:Infinity":36,"b:136:4:139:Infinity:undefined:undefined:undefined:undefined":7,"s:136:4:139:Infinity":37,"s:137:6:137:Infinity":38,"s:138:6:138:Infinity":39,"b:142:4:144:Infinity:undefined:undefined:undefined:undefined":8,"s:142:4:144:Infinity":40,"s:143:6:143:Infinity":41,"f:150:10:150:34":8,"b:151:4:151:Infinity:undefined:undefined:undefined:undefined":9,"s:151:4:151:Infinity":42,"s:151:34:151:Infinity":43,"s:153:18:153:Infinity":44,"b:154:4:156:Infinity:undefined:undefined:undefined:undefined":10,"s:154:4:156:Infinity":45,"s:155:6:155:Infinity":46,"f:162:10:162:35":9,"b:163:4:163:Infinity:undefined:undefined:undefined:undefined":11,"s:163:4:163:Infinity":47,"s:163:34:163:Infinity":48,"s:165:18:165:Infinity":49,"s:166:4:166:Infinity":50,"f:172:2:172:18":10,"b:173:4:173:Infinity:undefined:undefined:undefined:undefined":12,"s:173:4:173:Infinity":51,"s:173:34:173:Infinity":52,"s:175:4:175:Infinity":53,"b:178:4:181:Infinity:undefined:undefined:undefined:undefined":13,"s:178:4:181:Infinity":54,"b:178:8:178:Infinity:179:8:179:60":14,"s:180:6:180:Infinity":55,"b:183:4:185:Infinity:undefined:undefined:undefined:undefined":15,"s:183:4:185:Infinity":56,"s:184:6:184:Infinity":57,"f:191:2:191:27":11,"b:192:4:192:Infinity:undefined:undefined:undefined:undefined":16,"s:192:4:192:Infinity":58,"s:192:34:192:Infinity":59,"s:196:18:196:Infinity":60,"s:197:25:197:Infinity":61,"s:199:4:209:Infinity":62,"s:199:17:199:20":63,"s:200:6:208:Infinity":64,"s:200:19:200:22":65,"b:201:8:207:Infinity:undefined:undefined:undefined:undefined":17,"s:201:8:207:Infinity":66,"s:202:28:202:Infinity":67,"b:204:10:206:Infinity:undefined:undefined:undefined:undefined":18,"s:204:10:206:Infinity":68,"b:204:14:204:39:204:39:204:67":19,"s:205:12:205:Infinity":69,"b:212:4:217:Infinity:undefined:undefined:undefined:undefined":20,"s:212:4:217:Infinity":70,"b:212:8:212:33:212:33:212:54":21,"s:213:6:213:Infinity":71,"s:214:6:214:Infinity":72,"s:215:6:215:Infinity":73,"s:216:6:216:Infinity":74,"s:220:4:220:Infinity":75,"s:223:4:223:Infinity":76,"s:226:27:226:Infinity":77,"b:227:4:249:Infinity:undefined:undefined:undefined:undefined":22,"s:227:4:249:Infinity":78,"s:229:6:229:Infinity":79,"s:232:6:232:Infinity":80,"s:235:24:235:Infinity":81,"s:236:6:236:Infinity":82,"s:237:6:237:Infinity":83,"b:240:6:243:Infinity:undefined:undefined:undefined:undefined":23,"s:240:6:243:Infinity":84,"s:241:8:241:Infinity":85,"s:242:8:242:Infinity":86,"s:246:6:248:Infinity":87,"f:246:17:246:23":12,"s:247:8:247:Infinity":88,"s:252:4:252:Infinity":89,"f:260:2:260:14":13,"b:262:4:265:Infinity:undefined:undefined:undefined:undefined":24,"s:262:4:265:Infinity":90,"s:263:6:263:Infinity":91,"s:264:6:264:Infinity":92,"b:267:4:278:Infinity:undefined:undefined:undefined:undefined":25,"s:267:4:278:Infinity":93,"b:268:6:272:Infinity:undefined:undefined:undefined:undefined":26,"s:268:6:272:Infinity":94,"s:269:8:269:Infinity":95,"s:270:8:270:Infinity":96,"s:271:8:271:Infinity":97,"b:273:6:277:Infinity:undefined:undefined:undefined:undefined":27,"s:273:6:277:Infinity":98,"s:274:8:274:Infinity":99,"s:275:8:275:Infinity":100,"s:276:8:276:Infinity":101,"b:280:4:290:Infinity:undefined:undefined:undefined:undefined":28,"s:280:4:290:Infinity":102,"b:280:8:280:56:280:56:280:82":29,"b:282:6:288:Infinity:undefined:undefined:undefined:undefined":30,"s:282:6:288:Infinity":103,"b:283:8:287:Infinity:285:8:287:Infinity":31,"s:283:8:287:Infinity":104,"s:284:10:284:Infinity":105,"b:285:8:287:Infinity:undefined:undefined:undefined:undefined":32,"s:285:8:287:Infinity":106,"s:286:10:286:Infinity":107,"s:289:6:289:Infinity":108,"s:292:16:292:Infinity":109,"b:295:6:301:Infinity:303:6:309:Infinity:311:6:317:Infinity:319:6:325:Infinity:327:6:333:Infinity:335:6:340:Infinity:342:6:344:Infinity:346:6:348:Infinity:350:6:352:Infinity":33,"s:294:4:353:Infinity":110,"s:296:26:296:Infinity":111,"b:297:8:300:Infinity:undefined:undefined:undefined:undefined":34,"s:297:8:300:Infinity":112,"s:298:10:298:Infinity":113,"s:299:10:299:Infinity":114,"s:301:8:301:Infinity":115,"s:304:27:304:Infinity":116,"b:305:8:308:Infinity:undefined:undefined:undefined:undefined":35,"s:305:8:308:Infinity":117,"s:306:10:306:Infinity":118,"s:307:10:307:Infinity":119,"s:309:8:309:Infinity":120,"s:312:26:312:Infinity":121,"b:313:8:316:Infinity:undefined:undefined:undefined:undefined":36,"s:313:8:316:Infinity":122,"s:314:10:314:Infinity":123,"s:315:10:315:Infinity":124,"s:317:8:317:Infinity":125,"s:320:27:320:Infinity":126,"b:321:8:324:Infinity:undefined:undefined:undefined:undefined":37,"s:321:8:324:Infinity":127,"s:322:10:322:Infinity":128,"s:323:10:323:Infinity":129,"s:325:8:325:Infinity":130,"s:328:28:328:Infinity":131,"b:329:8:332:Infinity:undefined:undefined:undefined:undefined":38,"s:329:8:332:Infinity":132,"s:330:10:330:Infinity":133,"s:331:10:331:Infinity":134,"s:333:8:333:Infinity":135,"s:336:23:336:Infinity":136,"s:337:8:337:Infinity":137,"s:338:8:338:Infinity":138,"s:339:8:339:Infinity":139,"s:340:8:340:Infinity":140,"s:343:8:343:Infinity":141,"s:344:8:344:Infinity":142,"s:347:8:347:Infinity":143,"s:348:8:348:Infinity":144,"s:351:8:351:Infinity":145,"s:352:8:352:Infinity":146,"b:356:4:361:Infinity:undefined:undefined:undefined:undefined":39,"s:356:4:361:Infinity":147,"b:356:8:356:17:356:17:356:39":40,"b:357:6:360:Infinity:undefined:undefined:undefined:undefined":41,"s:357:6:360:Infinity":148,"s:358:8:358:Infinity":149,"s:359:8:359:Infinity":150,"f:367:10:367:29":14,"b:368:4:368:Infinity:undefined:undefined:undefined:undefined":42,"s:368:4:368:Infinity":151,"b:368:8:368:31:368:31:368:57":43,"s:368:57:368:Infinity":152,"b:370:4:397:Infinity:374:11:397:Infinity":44,"s:370:4:397:Infinity":153,"s:372:6:372:Infinity":154,"s:373:6:373:Infinity":155,"s:376:19:376:Infinity":156,"s:377:6:377:Infinity":157,"s:378:6:378:Infinity":158,"s:381:6:381:Infinity":159,"s:382:6:382:Infinity":160,"b:385:6:390:Infinity:undefined:undefined:undefined:undefined":45,"s:385:6:390:Infinity":161,"s:387:8:387:Infinity":162,"s:388:8:388:Infinity":163,"s:389:8:389:Infinity":164,"s:393:24:393:Infinity":165,"b:394:6:396:Infinity:undefined:undefined:undefined:undefined":46,"s:394:6:396:Infinity":166,"s:395:8:395:Infinity":167,"s:399:4:399:Infinity":168}}}
,"/Users/joe/Development/misc/tetris/my-app/src/game/Playfield.ts": {"path":"/Users/joe/Development/misc/tetris/my-app/src/game/Playfield.ts","statementMap":{"0":{"start":{"line":13,"column":26},"end":{"line":13,"column":null}},"1":{"start":{"line":14,"column":27},"end":{"line":14,"column":null}},"2":{"start":{"line":15,"column":34},"end":{"line":15,"column":null}},"3":{"start":{"line":18,"column":4},"end":{"line":18,"column":null}},"4":{"start":{"line":25,"column":27},"end":{"line":25,"column":null}},"5":{"start":{"line":26,"column":4},"end":{"line":34,"column":null}},"6":{"start":{"line":26,"column":19},"end":{"line":26,"column":22}},"7":{"start":{"line":27,"column":6},"end":{"line":27,"column":null}},"8":{"start":{"line":28,"column":6},"end":{"line":33,"column":null}},"9":{"start":{"line":28,"column":21},"end":{"line":28,"column":24}},"10":{"start":{"line":29,"column":8},"end":{"line":32,"column":null}},"11":{"start":{"line":35,"column":4},"end":{"line":35,"column":null}},"12":{"start":{"line":42,"column":4},"end":{"line":42,"column":null}},"13":{"start":{"line":49,"column":23},"end":{"line":49,"column":null}},"14":{"start":{"line":50,"column":25},"end":{"line":50,"column":null}},"15":{"start":{"line":52,"column":4},"end":{"line":74,"column":null}},"16":{"start":{"line":52,"column":17},"end":{"line":52,"column":20}},"17":{"start":{"line":53,"column":6},"end":{"line":73,"column":null}},"18":{"start":{"line":53,"column":19},"end":{"line":53,"column":22}},"19":{"start":{"line":54,"column":8},"end":{"line":72,"column":null}},"20":{"start":{"line":55,"column":26},"end":{"line":55,"column":null}},"21":{"start":{"line":56,"column":26},"end":{"line":56,"column":null}},"22":{"start":{"line":59,"column":10},"end":{"line":66,"column":null}},"23":{"start":{"line":65,"column":12},"end":{"line":65,"column":null}},"24":{"start":{"line":69,"column":10},"end":{"line":71,"column":null}},"25":{"start":{"line":70,"column":12},"end":{"line":70,"column":null}},"26":{"start":{"line":76,"column":4},"end":{"line":76,"column":null}},"27":{"start":{"line":83,"column":40},"end":{"line":83,"column":null}},"28":{"start":{"line":85,"column":4},"end":{"line":104,"column":null}},"29":{"start":{"line":85,"column":17},"end":{"line":85,"column":20}},"30":{"start":{"line":86,"column":6},"end":{"line":103,"column":null}},"31":{"start":{"line":86,"column":19},"end":{"line":86,"column":22}},"32":{"start":{"line":87,"column":8},"end":{"line":102,"column":null}},"33":{"start":{"line":88,"column":26},"end":{"line":88,"column":null}},"34":{"start":{"line":89,"column":26},"end":{"line":89,"column":null}},"35":{"start":{"line":91,"column":10},"end":{"line":101,"column":null}},"36":{"start":{"line":97,"column":12},"end":{"line":100,"column":null}},"37":{"start":{"line":111,"column":37},"end":{"line":111,"column":null}},"38":{"start":{"line":113,"column":4},"end":{"line":118,"column":null}},"39":{"start":{"line":113,"column":19},"end":{"line":113,"column":22}},"40":{"start":{"line":114,"column":25},"end":{"line":114,"column":null}},"41":{"start":{"line":114,"column":54},"end":{"line":114,"column":67}},"42":{"start":{"line":115,"column":6},"end":{"line":117,"column":null}},"43":{"start":{"line":116,"column":8},"end":{"line":116,"column":null}},"44":{"start":{"line":120,"column":4},"end":{"line":120,"column":null}},"45":{"start":{"line":127,"column":4},"end":{"line":127,"column":null}},"46":{"start":{"line":127,"column":33},"end":{"line":127,"column":null}},"47":{"start":{"line":130,"column":23},"end":{"line":130,"column":null}},"48":{"start":{"line":130,"column":54},"end":{"line":130,"column":59}},"49":{"start":{"line":133,"column":4},"end":{"line":135,"column":null}},"50":{"start":{"line":134,"column":6},"end":{"line":134,"column":null}},"51":{"start":{"line":138,"column":4},"end":{"line":144,"column":null}},"52":{"start":{"line":138,"column":17},"end":{"line":138,"column":20}},"53":{"start":{"line":139,"column":31},"end":{"line":139,"column":null}},"54":{"start":{"line":140,"column":6},"end":{"line":142,"column":null}},"55":{"start":{"line":140,"column":21},"end":{"line":140,"column":24}},"56":{"start":{"line":141,"column":8},"end":{"line":141,"column":null}},"57":{"start":{"line":143,"column":6},"end":{"line":143,"column":null}},"58":{"start":{"line":152,"column":22},"end":{"line":152,"column":null}},"59":{"start":{"line":153,"column":22},"end":{"line":153,"column":null}},"60":{"start":{"line":155,"column":4},"end":{"line":161,"column":null}},"61":{"start":{"line":156,"column":6},"end":{"line":160,"column":null}},"62":{"start":{"line":157,"column":8},"end":{"line":159,"column":null}},"63":{"start":{"line":158,"column":10},"end":{"line":158,"column":null}},"64":{"start":{"line":163,"column":4},"end":{"line":163,"column":null}},"65":{"start":{"line":170,"column":4},"end":{"line":170,"column":null}}},"fnMap":{"0":{"name":"(anonymous_0)","decl":{"start":{"line":17,"column":2},"end":{"line":17,"column":16}},"loc":{"start":{"line":17,"column":16},"end":{"line":19,"column":null}},"line":17},"1":{"name":"(anonymous_1)","decl":{"start":{"line":24,"column":10},"end":{"line":24,"column":37}},"loc":{"start":{"line":24,"column":37},"end":{"line":36,"column":null}},"line":24},"2":{"name":"(anonymous_2)","decl":{"start":{"line":41,"column":2},"end":{"line":41,"column":32}},"loc":{"start":{"line":41,"column":32},"end":{"line":43,"column":null}},"line":41},"3":{"name":"(anonymous_3)","decl":{"start":{"line":48,"column":2},"end":{"line":48,"column":18}},"loc":{"start":{"line":48,"column":69},"end":{"line":77,"column":null}},"line":48},"4":{"name":"(anonymous_4)","decl":{"start":{"line":82,"column":2},"end":{"line":82,"column":12}},"loc":{"start":{"line":82,"column":40},"end":{"line":105,"column":null}},"line":82},"5":{"name":"(anonymous_5)","decl":{"start":{"line":110,"column":2},"end":{"line":110,"column":35}},"loc":{"start":{"line":110,"column":35},"end":{"line":121,"column":null}},"line":110},"6":{"name":"(anonymous_6)","decl":{"start":{"line":114,"column":46},"end":{"line":114,"column":54}},"loc":{"start":{"line":114,"column":54},"end":{"line":114,"column":67}},"line":114},"7":{"name":"(anonymous_7)","decl":{"start":{"line":126,"column":2},"end":{"line":126,"column":13}},"loc":{"start":{"line":126,"column":41},"end":{"line":145,"column":null}},"line":126},"8":{"name":"(anonymous_8)","decl":{"start":{"line":130,"column":44},"end":{"line":130,"column":45}},"loc":{"start":{"line":130,"column":54},"end":{"line":130,"column":59}},"line":130},"9":{"name":"(anonymous_9)","decl":{"start":{"line":150,"column":2},"end":{"line":150,"column":24}},"loc":{"start":{"line":150,"column":24},"end":{"line":164,"column":null}},"line":150},"10":{"name":"(anonymous_10)","decl":{"start":{"line":169,"column":2},"end":{"line":169,"column":16}},"loc":{"start":{"line":169,"column":16},"end":{"line":171,"column":null}},"line":169}},"branchMap":{"0":{"loc":{"start":{"line":54,"column":8},"end":{"line":72,"column":null}},"type":"if","locations":[{"start":{"line":54,"column":8},"end":{"line":72,"column":null}},{"start":{},"end":{}}],"line":54},"1":{"loc":{"start":{"line":59,"column":10},"end":{"line":66,"column":null}},"type":"if","locations":[{"start":{"line":59,"column":10},"end":{"line":66,"column":null}},{"start":{},"end":{}}],"line":59},"2":{"loc":{"start":{"line":60,"column":12},"end":{"line":63,"column":null}},"type":"binary-expr","locations":[{"start":{"line":60,"column":12},"end":{"line":60,"column":null}},{"start":{"line":61,"column":12},"end":{"line":61,"column":null}},{"start":{"line":62,"column":12},"end":{"line":62,"column":null}},{"start":{"line":63,"column":12},"end":{"line":63,"column":null}}],"line":60},"3":{"loc":{"start":{"line":69,"column":10},"end":{"line":71,"column":null}},"type":"if","locations":[{"start":{"line":69,"column":10},"end":{"line":71,"column":null}},{"start":{},"end":{}}],"line":69},"4":{"loc":{"start":{"line":87,"column":8},"end":{"line":102,"column":null}},"type":"if","locations":[{"start":{"line":87,"column":8},"end":{"line":102,"column":null}},{"start":{},"end":{}}],"line":87},"5":{"loc":{"start":{"line":91,"column":10},"end":{"line":101,"column":null}},"type":"if","locations":[{"start":{"line":91,"column":10},"end":{"line":101,"column":null}},{"start":{},"end":{}}],"line":91},"6":{"loc":{"start":{"line":92,"column":12},"end":{"line":95,"column":null}},"type":"binary-expr","locations":[{"start":{"line":92,"column":12},"end":{"line":92,"column":null}},{"start":{"line":93,"column":12},"end":{"line":93,"column":null}},{"start":{"line":94,"column":12},"end":{"line":94,"column":null}},{"start":{"line":95,"column":12},"end":{"line":95,"column":null}}],"line":92},"7":{"loc":{"start":{"line":115,"column":6},"end":{"line":117,"column":null}},"type":"if","locations":[{"start":{"line":115,"column":6},"end":{"line":117,"column":null}},{"start":{},"end":{}}],"line":115},"8":{"loc":{"start":{"line":127,"column":4},"end":{"line":127,"column":null}},"type":"if","locations":[{"start":{"line":127,"column":4},"end":{"line":127,"column":null}},{"start":{},"end":{}}],"line":127},"9":{"loc":{"start":{"line":157,"column":8},"end":{"line":159,"column":null}},"type":"if","locations":[{"start":{"line":157,"column":8},"end":{"line":159,"column":null}},{"start":{},"end":{}}],"line":157}},"s":{"0":26,"1":26,"2":26,"3":26,"4":35,"5":35,"6":35,"7":1400,"8":1400,"9":1400,"10":14000,"11":35,"12":2,"13":380,"14":380,"15":380,"16":380,"17":1286,"18":1286,"19":4523,"20":1487,"21":1487,"22":1487,"23":10,"24":1477,"25":17,"26":353,"27":80,"28":80,"29":80,"30":308,"31":308,"32":1196,"33":320,"34":320,"35":320,"36":273,"37":21,"38":21,"39":21,"40":840,"41":867,"42":840,"43":3,"44":840,"45":0,"46":0,"47":0,"48":0,"49":0,"50":0,"51":0,"52":0,"53":0,"54":0,"55":0,"56":0,"57":0,"58":0,"59":0,"60":0,"61":0,"62":0,"63":0,"64":0,"65":9},"f":{"0":26,"1":35,"2":2,"3":380,"4":80,"5":21,"6":867,"7":0,"8":0,"9":0,"10":9},"b":{"0":[1487,3036],"1":[10,1477],"2":[1487,1487,1480,1478],"3":[17,1460],"4":[320,876],"5":[273,47],"6":[320,320,310,310],"7":[3,837],"8":[0,0],"9":[0,0]},"meta":{"lastBranch":10,"lastFunction":11,"lastStatement":66,"seen":{"s:13:26:13:Infinity":0,"s:14:27:14:Infinity":1,"s:15:34:15:Infinity":2,"f:17:2:17:16":0,"s:18:4:18:Infinity":3,"f:24:10:24:37":1,"s:25:27:25:Infinity":4,"s:26:4:34:Infinity":5,"s:26:19:26:22":6,"s:27:6:27:Infinity":7,"s:28:6:33:Infinity":8,"s:28:21:28:24":9,"s:29:8:32:Infinity":10,"s:35:4:35:Infinity":11,"f:41:2:41:32":2,"s:42:4:42:Infinity":12,"f:48:2:48:18":3,"s:49:23:49:Infinity":13,"s:50:25:50:Infinity":14,"s:52:4:74:Infinity":15,"s:52:17:52:20":16,"s:53:6:73:Infinity":17,"s:53:19:53:22":18,"b:54:8:72:Infinity:undefined:undefined:undefined:undefined":0,"s:54:8:72:Infinity":19,"s:55:26:55:Infinity":20,"s:56:26:56:Infinity":21,"b:59:10:66:Infinity:undefined:undefined:undefined:undefined":1,"s:59:10:66:Infinity":22,"b:60:12:60:Infinity:61:12:61:Infinity:62:12:62:Infinity:63:12:63:Infinity":2,"s:65:12:65:Infinity":23,"b:69:10:71:Infinity:undefined:undefined:undefined:undefined":3,"s:69:10:71:Infinity":24,"s:70:12:70:Infinity":25,"s:76:4:76:Infinity":26,"f:82:2:82:12":4,"s:83:40:83:Infinity":27,"s:85:4:104:Infinity":28,"s:85:17:85:20":29,"s:86:6:103:Infinity":30,"s:86:19:86:22":31,"b:87:8:102:Infinity:undefined:undefined:undefined:undefined":4,"s:87:8:102:Infinity":32,"s:88:26:88:Infinity":33,"s:89:26:89:Infinity":34,"b:91:10:101:Infinity:undefined:undefined:undefined:undefined":5,"s:91:10:101:Infinity":35,"b:92:12:92:Infinity:93:12:93:Infinity:94:12:94:Infinity:95:12:95:Infinity":6,"s:97:12:100:Infinity":36,"f:110:2:110:35":5,"s:111:37:111:Infinity":37,"s:113:4:118:Infinity":38,"s:113:19:113:22":39,"s:114:25:114:Infinity":40,"f:114:46:114:54":6,"s:114:54:114:67":41,"b:115:6:117:Infinity:undefined:undefined:undefined:undefined":7,"s:115:6:117:Infinity":42,"s:116:8:116:Infinity":43,"s:120:4:120:Infinity":44,"f:126:2:126:13":7,"b:127:4:127:Infinity:undefined:undefined:undefined:undefined":8,"s:127:4:127:Infinity":45,"s:127:33:127:Infinity":46,"s:130:23:130:Infinity":47,"f:130:44:130:45":8,"s:130:54:130:59":48,"s:133:4:135:Infinity":49,"s:134:6:134:Infinity":50,"s:138:4:144:Infinity":51,"s:138:17:138:20":52,"s:139:31:139:Infinity":53,"s:140:6:142:Infinity":54,"s:140:21:140:24":55,"s:141:8:141:Infinity":56,"s:143:6:143:Infinity":57,"f:150:2:150:24":9,"s:152:22:152:Infinity":58,"s:153:22:153:Infinity":59,"s:155:4:161:Infinity":60,"s:156:6:160:Infinity":61,"b:157:8:159:Infinity:undefined:undefined:undefined:undefined":9,"s:157:8:159:Infinity":62,"s:158:10:158:Infinity":63,"s:163:4:163:Infinity":64,"f:169:2:169:16":10,"s:170:4:170:Infinity":65}}}
,"/Users/joe/Development/misc/tetris/my-app/src/game/Randomizer.ts": {"path":"/Users/joe/Development/misc/tetris/my-app/src/game/Randomizer.ts","statementMap":{"0":{"start":{"line":12,"column":33},"end":{"line":12,"column":null}},"1":{"start":{"line":15,"column":4},"end":{"line":15,"column":null}},"2":{"start":{"line":23,"column":4},"end":{"line":25,"column":null}},"3":{"start":{"line":24,"column":6},"end":{"line":24,"column":null}},"4":{"start":{"line":26,"column":4},"end":{"line":26,"column":null}},"5":{"start":{"line":33,"column":36},"end":{"line":33,"column":null}},"6":{"start":{"line":34,"column":20},"end":{"line":34,"column":null}},"7":{"start":{"line":36,"column":4},"end":{"line":42,"column":null}},"8":{"start":{"line":36,"column":17},"end":{"line":36,"column":20}},"9":{"start":{"line":37,"column":6},"end":{"line":40,"column":null}},"10":{"start":{"line":39,"column":8},"end":{"line":39,"column":null}},"11":{"start":{"line":41,"column":6},"end":{"line":41,"column":null}},"12":{"start":{"line":44,"column":4},"end":{"line":44,"column":null}},"13":{"start":{"line":51,"column":4},"end":{"line":51,"column":null}},"14":{"start":{"line":52,"column":4},"end":{"line":52,"column":null}},"15":{"start":{"line":59,"column":4},"end":{"line":59,"column":null}},"16":{"start":{"line":66,"column":4},"end":{"line":69,"column":null}},"17":{"start":{"line":66,"column":17},"end":{"line":66,"column":35}},"18":{"start":{"line":67,"column":16},"end":{"line":67,"column":null}},"19":{"start":{"line":68,"column":6},"end":{"line":68,"column":null}},"20":{"start":{"line":70,"column":4},"end":{"line":70,"column":null}}},"fnMap":{"0":{"name":"(anonymous_0)","decl":{"start":{"line":14,"column":2},"end":{"line":14,"column":16}},"loc":{"start":{"line":14,"column":16},"end":{"line":16,"column":null}},"line":14},"1":{"name":"(anonymous_1)","decl":{"start":{"line":22,"column":2},"end":{"line":22,"column":24}},"loc":{"start":{"line":22,"column":24},"end":{"line":27,"column":null}},"line":22},"2":{"name":"(anonymous_2)","decl":{"start":{"line":32,"column":2},"end":{"line":32,"column":7}},"loc":{"start":{"line":32,"column":39},"end":{"line":45,"column":null}},"line":32},"3":{"name":"(anonymous_3)","decl":{"start":{"line":50,"column":2},"end":{"line":50,"column":16}},"loc":{"start":{"line":50,"column":16},"end":{"line":53,"column":null}},"line":50},"4":{"name":"(anonymous_4)","decl":{"start":{"line":58,"column":10},"end":{"line":58,"column":28}},"loc":{"start":{"line":58,"column":28},"end":{"line":60,"column":null}},"line":58},"5":{"name":"(anonymous_5)","decl":{"start":{"line":65,"column":10},"end":{"line":65,"column":21}},"loc":{"start":{"line":65,"column":38},"end":{"line":71,"column":null}},"line":65}},"branchMap":{"0":{"loc":{"start":{"line":23,"column":4},"end":{"line":25,"column":null}},"type":"if","locations":[{"start":{"line":23,"column":4},"end":{"line":25,"column":null}},{"start":{},"end":{}}],"line":23},"1":{"loc":{"start":{"line":37,"column":6},"end":{"line":40,"column":null}},"type":"if","locations":[{"start":{"line":37,"column":6},"end":{"line":40,"column":null}},{"start":{},"end":{}}],"line":37}},"s":{"0":13,"1":13,"2":85,"3":3,"4":85,"5":0,"6":0,"7":0,"8":0,"9":0,"10":0,"11":0,"12":0,"13":9,"14":9,"15":25,"16":25,"17":25,"18":150,"19":150,"20":25},"f":{"0":13,"1":85,"2":0,"3":9,"4":25,"5":25},"b":{"0":[3,82],"1":[0,0]},"meta":{"lastBranch":2,"lastFunction":6,"lastStatement":21,"seen":{"s:12:33:12:Infinity":0,"f:14:2:14:16":0,"s:15:4:15:Infinity":1,"f:22:2:22:24":1,"b:23:4:25:Infinity:undefined:undefined:undefined:undefined":0,"s:23:4:25:Infinity":2,"s:24:6:24:Infinity":3,"s:26:4:26:Infinity":4,"f:32:2:32:7":2,"s:33:36:33:Infinity":5,"s:34:20:34:Infinity":6,"s:36:4:42:Infinity":7,"s:36:17:36:20":8,"b:37:6:40:Infinity:undefined:undefined:undefined:undefined":1,"s:37:6:40:Infinity":9,"s:39:8:39:Infinity":10,"s:41:6:41:Infinity":11,"s:44:4:44:Infinity":12,"f:50:2:50:16":3,"s:51:4:51:Infinity":13,"s:52:4:52:Infinity":14,"f:58:10:58:28":4,"s:59:4:59:Infinity":15,"f:65:10:65:21":5,"s:66:4:69:Infinity":16,"s:66:17:66:35":17,"s:67:16:67:Infinity":18,"s:68:6:68:Infinity":19,"s:70:4:70:Infinity":20}}}
,"/Users/joe/Development/misc/tetris/my-app/src/game/ScoreManager.ts": {"path":"/Users/joe/Development/misc/tetris/my-app/src/game/ScoreManager.ts","statementMap":{"0":{"start":{"line":19,"column":47},"end":{"line":24,"column":null}},"1":{"start":{"line":26,"column":22},"end":{"line":26,"column":null}},"2":{"start":{"line":27,"column":4},"end":{"line":27,"column":null}},"3":{"start":{"line":37,"column":4},"end":{"line":39,"column":null}},"4":{"start":{"line":38,"column":6},"end":{"line":38,"column":null}},"5":{"start":{"line":41,"column":26},"end":{"line":41,"column":null}},"6":{"start":{"line":42,"column":4},"end":{"line":42,"column":null}},"7":{"start":{"line":56,"column":4},"end":{"line":56,"column":null}},"8":{"start":{"line":66,"column":26},"end":{"line":66,"column":null}},"9":{"start":{"line":67,"column":4},"end":{"line":67,"column":null}},"10":{"start":{"line":76,"column":4},"end":{"line":76,"column":null}}},"fnMap":{"0":{"name":"(anonymous_0)","decl":{"start":{"line":18,"column":2},"end":{"line":18,"column":21}},"loc":{"start":{"line":18,"column":66},"end":{"line":28,"column":null}},"line":18},"1":{"name":"(anonymous_1)","decl":{"start":{"line":36,"column":2},"end":{"line":36,"column":21}},"loc":{"start":{"line":36,"column":68},"end":{"line":43,"column":null}},"line":36},"2":{"name":"(anonymous_2)","decl":{"start":{"line":50,"column":2},"end":{"line":50,"column":21}},"loc":{"start":{"line":50,"column":44},"end":{"line":57,"column":null}},"line":50},"3":{"name":"(anonymous_3)","decl":{"start":{"line":65,"column":2},"end":{"line":65,"column":16}},"loc":{"start":{"line":65,"column":69},"end":{"line":68,"column":null}},"line":65},"4":{"name":"(anonymous_4)","decl":{"start":{"line":75,"column":2},"end":{"line":75,"column":11}},"loc":{"start":{"line":75,"column":41},"end":{"line":77,"column":null}},"line":75}},"branchMap":{"0":{"loc":{"start":{"line":26,"column":22},"end":{"line":26,"column":null}},"type":"binary-expr","locations":[{"start":{"line":26,"column":22},"end":{"line":26,"column":50}},{"start":{"line":26,"column":50},"end":{"line":26,"column":null}}],"line":26},"1":{"loc":{"start":{"line":37,"column":4},"end":{"line":39,"column":null}},"type":"if","locations":[{"start":{"line":37,"column":4},"end":{"line":39,"column":null}},{"start":{},"end":{}}],"line":37},"2":{"loc":{"start":{"line":41,"column":26},"end":{"line":41,"column":null}},"type":"cond-expr","locations":[{"start":{"line":41,"column":39},"end":{"line":41,"column":64}},{"start":{"line":41,"column":64},"end":{"line":41,"column":null}}],"line":41}},"s":{"0":19,"1":19,"2":19,"3":48,"4":4,"5":44,"6":48,"7":8,"8":11,"9":11,"10":20},"f":{"0":19,"1":48,"2":8,"3":11,"4":20},"b":{"0":[19,3],"1":[4,44],"2":[22,22]},"meta":{"lastBranch":3,"lastFunction":5,"lastStatement":11,"seen":{"f:18:2:18:21":0,"s:19:47:24:Infinity":0,"s:26:22:26:Infinity":1,"b:26:22:26:50:26:50:26:Infinity":0,"s:27:4:27:Infinity":2,"f:36:2:36:21":1,"b:37:4:39:Infinity:undefined:undefined:undefined:undefined":1,"s:37:4:39:Infinity":3,"s:38:6:38:Infinity":4,"s:41:26:41:Infinity":5,"b:41:39:41:64:41:64:41:Infinity":2,"s:42:4:42:Infinity":6,"f:50:2:50:21":2,"s:56:4:56:Infinity":7,"f:65:2:65:16":3,"s:66:26:66:Infinity":8,"s:67:4:67:Infinity":9,"f:75:2:75:11":4,"s:76:4:76:Infinity":10}}}
,"/Users/joe/Development/misc/tetris/my-app/src/game/TetrominoController.ts": {"path":"/Users/joe/Development/misc/tetris/my-app/src/game/TetrominoController.ts","statementMap":{"0":{"start":{"line":16,"column":4},"end":{"line":16,"column":null}},"1":{"start":{"line":52,"column":10},"end":{"line":52,"column":null}},"2":{"start":{"line":55,"column":22},"end":{"line":55,"column":null}},"3":{"start":{"line":60,"column":6},"end":{"line":60,"column":null}},"4":{"start":{"line":64,"column":20},"end":{"line":64,"column":null}},"5":{"start":{"line":65,"column":18},"end":{"line":65,"column":null}},"6":{"start":{"line":70,"column":6},"end":{"line":72,"column":null}},"7":{"start":{"line":74,"column":24},"end":{"line":74,"column":null}},"8":{"start":{"line":76,"column":4},"end":{"line":92,"column":null}},"9":{"start":{"line":79,"column":6},"end":{"line":90,"column":null}},"10":{"start":{"line":85,"column":8},"end":{"line":89,"column":null}},"11":{"start":{"line":91,"column":6},"end":{"line":91,"column":null}},"12":{"start":{"line":97,"column":4},"end":{"line":120,"column":null}},"13":{"start":{"line":98,"column":32},"end":{"line":103,"column":null}},"14":{"start":{"line":106,"column":6},"end":{"line":119,"column":null}},"15":{"start":{"line":113,"column":8},"end":{"line":118,"column":null}},"16":{"start":{"line":123,"column":4},"end":{"line":123,"column":null}},"17":{"start":{"line":135,"column":34},"end":{"line":138,"column":null}},"18":{"start":{"line":140,"column":4},"end":{"line":145,"column":null}},"19":{"start":{"line":141,"column":6},"end":{"line":144,"column":null}},"20":{"start":{"line":147,"column":4},"end":{"line":147,"column":null}},"21":{"start":{"line":164,"column":23},"end":{"line":164,"column":null}},"22":{"start":{"line":165,"column":21},"end":{"line":165,"column":null}},"23":{"start":{"line":168,"column":4},"end":{"line":176,"column":null}},"24":{"start":{"line":174,"column":6},"end":{"line":174,"column":null}},"25":{"start":{"line":175,"column":6},"end":{"line":175,"column":null}},"26":{"start":{"line":178,"column":4},"end":{"line":184,"column":null}},"27":{"start":{"line":198,"column":19},"end":{"line":198,"column":null}},"28":{"start":{"line":199,"column":4},"end":{"line":199,"column":null}}},"fnMap":{"0":{"name":"(anonymous_0)","decl":{"start":{"line":15,"column":2},"end":{"line":15,"column":14}},"loc":{"start":{"line":15,"column":37},"end":{"line":17,"column":null}},"line":15},"1":{"name":"(anonymous_1)","decl":{"start":{"line":46,"column":2},"end":{"line":46,"column":null}},"loc":{"start":{"line":49,"column":22},"end":{"line":124,"column":null}},"line":49},"2":{"name":"(anonymous_2)","decl":{"start":{"line":134,"column":2},"end":{"line":134,"column":7}},"loc":{"start":{"line":134,"column":71},"end":{"line":148,"column":null}},"line":134},"3":{"name":"(anonymous_3)","decl":{"start":{"line":163,"column":2},"end":{"line":163,"column":11}},"loc":{"start":{"line":163,"column":77},"end":{"line":185,"column":null}},"line":163},"4":{"name":"(anonymous_4)","decl":{"start":{"line":197,"column":2},"end":{"line":197,"column":25}},"loc":{"start":{"line":197,"column":57},"end":{"line":200,"column":null}},"line":197}},"branchMap":{"0":{"loc":{"start":{"line":60,"column":6},"end":{"line":60,"column":null}},"type":"cond-expr","locations":[{"start":{"line":60,"column":31},"end":{"line":60,"column":50}},{"start":{"line":60,"column":50},"end":{"line":60,"column":null}}],"line":60},"1":{"loc":{"start":{"line":70,"column":6},"end":{"line":72,"column":null}},"type":"cond-expr","locations":[{"start":{"line":71,"column":10},"end":{"line":71,"column":null}},{"start":{"line":72,"column":10},"end":{"line":72,"column":null}}],"line":70},"2":{"loc":{"start":{"line":76,"column":4},"end":{"line":92,"column":null}},"type":"if","locations":[{"start":{"line":76,"column":4},"end":{"line":92,"column":null}},{"start":{},"end":{}}],"line":76},"3":{"loc":{"start":{"line":79,"column":6},"end":{"line":90,"column":null}},"type":"if","locations":[{"start":{"line":79,"column":6},"end":{"line":90,"column":null}},{"start":{},"end":{}}],"line":79},"4":{"loc":{"start":{"line":106,"column":6},"end":{"line":119,"column":null}},"type":"if","locations":[{"start":{"line":106,"column":6},"end":{"line":119,"column":null}},{"start":{},"end":{}}],"line":106},"5":{"loc":{"start":{"line":140,"column":4},"end":{"line":145,"column":null}},"type":"if","locations":[{"start":{"line":140,"column":4},"end":{"line":145,"column":null}},{"start":{},"end":{}}],"line":140}},"s":{"0":18,"1":6,"2":6,"3":6,"4":6,"5":6,"6":6,"7":6,"8":6,"9":0,"10":0,"11":0,"12":6,"13":6,"14":6,"15":6,"16":0,"17":59,"18":59,"19":56,"20":3,"21":20,"22":20,"23":20,"24":261,"25":261,"26":20,"27":0,"28":0},"f":{"0":18,"1":6,"2":59,"3":20,"4":0},"b":{"0":[3,3],"1":[6,0],"2":[0,6],"3":[0,0],"4":[6,0],"5":[56,3]},"meta":{"lastBranch":6,"lastFunction":5,"lastStatement":29,"seen":{"f:15:2:15:14":0,"s:16:4:16:Infinity":0,"f:46:2:46:Infinity":1,"s:52:10:52:Infinity":1,"s:55:22:55:Infinity":2,"s:60:6:60:Infinity":3,"b:60:31:60:50:60:50:60:Infinity":0,"s:64:20:64:Infinity":4,"s:65:18:65:Infinity":5,"s:70:6:72:Infinity":6,"b:71:10:71:Infinity:72:10:72:Infinity":1,"s:74:24:74:Infinity":7,"b:76:4:92:Infinity:undefined:undefined:undefined:undefined":2,"s:76:4:92:Infinity":8,"b:79:6:90:Infinity:undefined:undefined:undefined:undefined":3,"s:79:6:90:Infinity":9,"s:85:8:89:Infinity":10,"s:91:6:91:Infinity":11,"s:97:4:120:Infinity":12,"s:98:32:103:Infinity":13,"b:106:6:119:Infinity:undefined:undefined:undefined:undefined":4,"s:106:6:119:Infinity":14,"s:113:8:118:Infinity":15,"s:123:4:123:Infinity":16,"f:134:2:134:7":2,"s:135:34:138:Infinity":17,"b:140:4:145:Infinity:undefined:undefined:undefined:undefined":5,"s:140:4:145:Infinity":18,"s:141:6:144:Infinity":19,"s:147:4:147:Infinity":20,"f:163:2:163:11":3,"s:164:23:164:Infinity":21,"s:165:21:165:Infinity":22,"s:168:4:176:Infinity":23,"s:174:6:174:Infinity":24,"s:175:6:175:Infinity":25,"s:178:4:184:Infinity":26,"f:197:2:197:25":4,"s:198:19:198:Infinity":27,"s:199:4:199:Infinity":28}}}
,"/Users/joe/Development/misc/tetris/my-app/src/game/constants.ts": {"path":"/Users/joe/Development/misc/tetris/my-app/src/game/constants.ts","statementMap":{"0":{"start":{"line":13,"column":39},"end":{"line":32,"column":null}},"1":{"start":{"line":38,"column":63},"end":{"line":46,"column":null}},"2":{"start":{"line":52,"column":41},"end":{"line":59,"column":null}},"3":{"start":{"line":65,"column":28},"end":{"line":74,"column":null}},"4":{"start":{"line":86,"column":23},"end":{"line":115,"column":null}},"5":{"start":{"line":117,"column":23},"end":{"line":142,"column":null}},"6":{"start":{"line":144,"column":23},"end":{"line":169,"column":null}},"7":{"start":{"line":171,"column":23},"end":{"line":200,"column":null}},"8":{"start":{"line":202,"column":23},"end":{"line":227,"column":null}},"9":{"start":{"line":229,"column":23},"end":{"line":254,"column":null}},"10":{"start":{"line":256,"column":23},"end":{"line":281,"column":null}},"11":{"start":{"line":286,"column":32},"end":{"line":294,"column":null}},"12":{"start":{"line":301,"column":84},"end":{"line":310,"column":null}},"13":{"start":{"line":321,"column":37},"end":{"line":330,"column":null}},"14":{"start":{"line":335,"column":32},"end":{"line":344,"column":null}},"15":{"start":{"line":349,"column":30},"end":{"line":352,"column":null}},"16":{"start":{"line":358,"column":52},"end":{"line":358,"column":null}}},"fnMap":{},"branchMap":{},"s":{"0":5,"1":5,"2":5,"3":5,"4":5,"5":5,"6":5,"7":5,"8":5,"9":5,"10":5,"11":5,"12":5,"13":5,"14":5,"15":5,"16":5},"f":{},"b":{},"meta":{"lastBranch":0,"lastFunction":0,"lastStatement":17,"seen":{"s:13:39:32:Infinity":0,"s:38:63:46:Infinity":1,"s:52:41:59:Infinity":2,"s:65:28:74:Infinity":3,"s:86:23:115:Infinity":4,"s:117:23:142:Infinity":5,"s:144:23:169:Infinity":6,"s:171:23:200:Infinity":7,"s:202:23:227:Infinity":8,"s:229:23:254:Infinity":9,"s:256:23:281:Infinity":10,"s:286:32:294:Infinity":11,"s:301:84:310:Infinity":12,"s:321:37:330:Infinity":13,"s:335:32:344:Infinity":14,"s:349:30:352:Infinity":15,"s:358:52:358:Infinity":16}}}
,"/Users/joe/Development/misc/tetris/my-app/src/game/tetrominoes.ts": {"path":"/Users/joe/Development/misc/tetris/my-app/src/game/tetrominoes.ts","statementMap":{"0":{"start":{"line":18,"column":19},"end":{"line":18,"column":null}},"1":{"start":{"line":19,"column":17},"end":{"line":19,"column":null}},"2":{"start":{"line":20,"column":16},"end":{"line":20,"column":null}},"3":{"start":{"line":22,"column":2},"end":{"line":28,"column":null}},"4":{"start":{"line":39,"column":17},"end":{"line":39,"column":null}},"5":{"start":{"line":40,"column":16},"end":{"line":40,"column":null}},"6":{"start":{"line":42,"column":2},"end":{"line":48,"column":null}},"7":{"start":{"line":58,"column":2},"end":{"line":58,"column":null}},"8":{"start":{"line":65,"column":2},"end":{"line":69,"column":null}},"9":{"start":{"line":68,"column":40},"end":{"line":68,"column":48}}},"fnMap":{"0":{"name":"createTetromino","decl":{"start":{"line":17,"column":16},"end":{"line":17,"column":32}},"loc":{"start":{"line":17,"column":64},"end":{"line":29,"column":null}},"line":17},"1":{"name":"createTetrominoAt","decl":{"start":{"line":34,"column":16},"end":{"line":34,"column":null}},"loc":{"start":{"line":38,"column":13},"end":{"line":49,"column":null}},"line":38},"2":{"name":"getRotationMatrix","decl":{"start":{"line":54,"column":16},"end":{"line":54,"column":null}},"loc":{"start":{"line":57,"column":15},"end":{"line":59,"column":null}},"line":57},"3":{"name":"cloneTetromino","decl":{"start":{"line":64,"column":16},"end":{"line":64,"column":31}},"loc":{"start":{"line":64,"column":64},"end":{"line":70,"column":null}},"line":64},"4":{"name":"(anonymous_4)","decl":{"start":{"line":68,"column":33},"end":{"line":68,"column":40}},"loc":{"start":{"line":68,"column":40},"end":{"line":68,"column":48}},"line":68}},"branchMap":{"0":{"loc":{"start":{"line":37,"column":2},"end":{"line":37,"column":null}},"type":"default-arg","locations":[{"start":{"line":37,"column":21},"end":{"line":37,"column":null}}],"line":37}},"s":{"0":78,"1":78,"2":78,"3":78,"4":0,"5":0,"6":0,"7":0,"8":0,"9":0},"f":{"0":78,"1":0,"2":0,"3":0,"4":0},"b":{"0":[0]},"meta":{"lastBranch":1,"lastFunction":5,"lastStatement":10,"seen":{"f:17:16:17:32":0,"s:18:19:18:Infinity":0,"s:19:17:19:Infinity":1,"s:20:16:20:Infinity":2,"s:22:2:28:Infinity":3,"f:34:16:34:Infinity":1,"b:37:21:37:Infinity":0,"s:39:17:39:Infinity":4,"s:40:16:40:Infinity":5,"s:42:2:48:Infinity":6,"f:54:16:54:Infinity":2,"s:58:2:58:Infinity":7,"f:64:16:64:31":3,"s:65:2:69:Infinity":8,"f:68:33:68:40":4,"s:68:40:68:48":9}}}
,"/Users/joe/Development/misc/tetris/my-app/src/game/types.ts": {"path":"/Users/joe/Development/misc/tetris/my-app/src/game/types.ts","statementMap":{"0":{"start":{"line":20,"column":26},"end":{"line":25,"column":null}},"1":{"start":{"line":32,"column":21},"end":{"line":45,"column":null}},"2":{"start":{"line":52,"column":33},"end":{"line":55,"column":null}}},"fnMap":{},"branchMap":{},"s":{"0":2,"1":2,"2":2},"f":{},"b":{},"meta":{"lastBranch":0,"lastFunction":0,"lastStatement":3,"seen":{"s:20:26:25:Infinity":0,"s:32:21:45:Infinity":1,"s:52:33:55:Infinity":2}}}
}
